<?xml version="1.0" encoding="UTF-8"?>
<!-- Generated by org.testng.reporters.JUnitReportReporter -->
<testsuite skipped="0" hostname="EPBYMINW17E0" name="AirportTest" tests="3" failures="0" timestamp="2021-11-03T15:48:28 MSK" time="0.015" errors="0">
  <testcase name="testHasAtLeastOneBomberInMilitaryPlanes" time="0.000" classname="AirportTest"/>
  <testcase name="testClassificationLevelOfExperimentalPlanes" time="0.014" classname="AirportTest"/>
  <testcase name="testGetTransportMilitaryPlanes" time="0.001" classname="AirportTest"/>
</testsuite> <!-- AirportTest -->
